2017/07/06 10:11:38 [error] [exception.CException] exception 'CException' with message 'La propiedad "DsolicitantePrestamo"."fecharegistro" no se encuentra definida.' in /var/www/html/yii/framework/base/CComponent.php:130
Stack trace:
#0 /var/www/html/yii/framework/db/ar/CActiveRecord.php(145): CComponent->__get('fecharegistro')
#1 /var/www/html/prestamos/protected/modules/dsolicitanteprestamo/models/DsolicitantePrestamo.php(117): CActiveRecord->__get('fecharegistro')
#2 /var/www/html/prestamos/protected/modules/dsolicitanteprestamo/views/dsolicitanteprestamo/adminuser.php(26): DsolicitantePrestamo->searchdos()
#3 /var/www/html/yii/framework/web/CBaseController.php(126): require('/var/www/html/p...')
#4 /var/www/html/yii/framework/web/CBaseController.php(95): CBaseController->renderInternal('/var/www/html/p...', Array, true)
#5 /var/www/html/yii/framework/web/CController.php(869): CBaseController->renderFile('/var/www/html/p...', Array, true)
#6 /var/www/html/yii/framework/web/CController.php(782): CController->renderPartial('adminuser', Array, true)
#7 /var/www/html/prestamos/protected/modules/dsolicitanteprestamo/controllers/DsolicitanteprestamoController.php(277): CController->render('adminuser', Array)
#8 /var/www/html/yii/framework/web/actions/CInlineAction.php(49): DsolicitanteprestamoController->actionAdminUser()
#9 /var/www/html/yii/framework/web/CController.php(308): CInlineAction->runWithParams(Array)
#10 /var/www/html/yii/framework/web/filters/CFilterChain.php(133): CController->runAction(Object(CInlineAction))
#11 /var/www/html/yii/framework/web/filters/CFilter.php(40): CFilterChain->run()
#12 /var/www/html/yii/framework/web/CController.php(1145): CFilter->filter(Object(CFilterChain))
#13 /var/www/html/yii/framework/web/filters/CInlineFilter.php(58): CController->filterAccessControl(Object(CFilterChain))
#14 /var/www/html/yii/framework/web/filters/CFilterChain.php(130): CInlineFilter->filter(Object(CFilterChain))
#15 /var/www/html/yii/framework/web/CController.php(291): CFilterChain->run()
#16 /var/www/html/yii/framework/web/CController.php(265): CController->runActionWithFilters(Object(CInlineAction), Array)
#17 /var/www/html/yii/framework/web/CWebApplication.php(282): CController->run('adminuser')
#18 /var/www/html/yii/framework/web/CWebApplication.php(141): CWebApplication->runController('dsolicitantepre...')
#19 /var/www/html/yii/framework/base/CApplication.php(180): CWebApplication->processRequest()
#20 /var/www/html/prestamos/index.php(13): CApplication->run()
#21 {main}
REQUEST_URI=/index.php?r=dsolicitanteprestamo/dsolicitanteprestamo/adminuser
HTTP_REFERER=http://prestamos.lab.saime.gob.ve/index.php?r=site/index
---
2017/07/06 10:14:08 [warning] [application] Error al establecer unsafe al atributo "idsolicitanteprestamo" de "DsolicitantePrestamo".
in /var/www/html/prestamos/protected/modules/dsolicitanteprestamo/controllers/DsolicitanteprestamoController.php (136)
in /var/www/html/prestamos/index.php (13)
2017/07/06 10:14:08 [error] [php] Trying to get property of non-object (/var/www/html/prestamos/protected/modules/dsolicitanteprestamo/controllers/DsolicitanteprestamoController.php:142)
Stack trace:
#0 /var/www/html/yii/framework/web/actions/CInlineAction.php(47): CInlineAction->runWithParamsInternal()
#1 /var/www/html/yii/framework/web/CController.php(308): CInlineAction->runWithParams()
#2 /var/www/html/yii/framework/web/filters/CFilterChain.php(133): DsolicitanteprestamoController->runAction()
#3 /var/www/html/yii/framework/web/filters/CFilter.php(40): CFilterChain->run()
#4 /var/www/html/yii/framework/web/CController.php(1145): CAccessControlFilter->filter()
#5 /var/www/html/yii/framework/web/filters/CInlineFilter.php(58): DsolicitanteprestamoController->filterAccessControl()
#6 /var/www/html/yii/framework/web/filters/CFilterChain.php(130): CInlineFilter->filter()
#7 /var/www/html/yii/framework/web/CController.php(291): CFilterChain->run()
#8 /var/www/html/yii/framework/web/CController.php(265): DsolicitanteprestamoController->runActionWithFilters()
#9 /var/www/html/yii/framework/web/CWebApplication.php(282): DsolicitanteprestamoController->run()
#10 /var/www/html/yii/framework/web/CWebApplication.php(141): CWebApplication->runController()
#11 /var/www/html/yii/framework/base/CApplication.php(180): CWebApplication->processRequest()
#12 /var/www/html/prestamos/index.php(13): CWebApplication->run()
REQUEST_URI=/index.php?r=dsolicitanteprestamo/dsolicitanteprestamo/update&id=3
in /var/www/html/prestamos/protected/modules/dsolicitanteprestamo/controllers/DsolicitanteprestamoController.php (142)
in /var/www/html/prestamos/index.php (13)
2017/07/06 10:14:35 [warning] [application] Error al establecer unsafe al atributo "idsolicitanteprestamo" de "DsolicitantePrestamo".
in /var/www/html/prestamos/protected/modules/dsolicitanteprestamo/controllers/DsolicitanteprestamoController.php (136)
in /var/www/html/prestamos/index.php (13)
2017/07/06 10:15:33 [warning] [application] Error al establecer unsafe al atributo "idsolicitanteprestamo" de "DsolicitantePrestamo".
in /var/www/html/prestamos/protected/modules/dsolicitanteprestamo/controllers/DsolicitanteprestamoController.php (136)
in /var/www/html/prestamos/index.php (13)
2017/07/06 10:16:31 [warning] [application] Error al establecer unsafe al atributo "idsolicitanteprestamo" de "DsolicitantePrestamo".
in /var/www/html/prestamos/protected/modules/dsolicitanteprestamo/controllers/DsolicitanteprestamoController.php (136)
in /var/www/html/prestamos/index.php (13)
2017/07/06 10:16:44 [warning] [application] Error al establecer unsafe al atributo "idsolicitanteprestamo" de "DsolicitantePrestamo".
in /var/www/html/prestamos/protected/modules/dsolicitanteprestamo/controllers/DsolicitanteprestamoController.php (136)
in /var/www/html/prestamos/index.php (13)
2017/07/06 10:17:13 [warning] [application] Error al establecer unsafe al atributo "idsolicitanteprestamo" de "DsolicitantePrestamo".
in /var/www/html/prestamos/protected/modules/dsolicitanteprestamo/controllers/DsolicitanteprestamoController.php (136)
in /var/www/html/prestamos/index.php (13)
2017/07/06 15:29:32 [error] [exception.CHttpException.404] exception 'CHttpException' with message 'No es posible resolver la solicitud "dsolicitante/site/index"' in /var/www/html/yii/framework/web/CWebApplication.php:286
Stack trace:
#0 /var/www/html/yii/framework/web/CWebApplication.php(141): CWebApplication->runController('dsolicitante/si...')
#1 /var/www/html/yii/framework/base/CApplication.php(180): CWebApplication->processRequest()
#2 /var/www/html/prestamos/index.php(13): CApplication->run()
#3 {main}
REQUEST_URI=/index.php?r=dsolicitante/site/index
HTTP_REFERER=http://prestamos.lab.saime.gob.ve/index.php?r=dsolicitante/dsolicitante/create
---
2017/07/06 15:32:19 [error] [exception.CHttpException.404] exception 'CHttpException' with message 'No es posible resolver la solicitud "dsolicitante/../site/index"' in /var/www/html/yii/framework/web/CWebApplication.php:286
Stack trace:
#0 /var/www/html/yii/framework/web/CWebApplication.php(141): CWebApplication->runController('dsolicitante/.....')
#1 /var/www/html/yii/framework/base/CApplication.php(180): CWebApplication->processRequest()
#2 /var/www/html/prestamos/index.php(13): CApplication->run()
#3 {main}
REQUEST_URI=/index.php?r=dsolicitante/../site/index
HTTP_REFERER=http://prestamos.lab.saime.gob.ve/index.php?r=dsolicitante/dsolicitante/create
---
2017/07/06 15:34:44 [error] [exception.CHttpException.404] exception 'CHttpException' with message 'No es posible resolver la solicitud "dsolicitante/index.php?r=site/index"' in /var/www/html/yii/framework/web/CWebApplication.php:286
Stack trace:
#0 /var/www/html/yii/framework/web/CWebApplication.php(141): CWebApplication->runController('dsolicitante/in...')
#1 /var/www/html/yii/framework/base/CApplication.php(180): CWebApplication->processRequest()
#2 /var/www/html/prestamos/index.php(13): CApplication->run()
#3 {main}
REQUEST_URI=/index.php?r=dsolicitante/index.php?r=site/index
HTTP_REFERER=http://prestamos.lab.saime.gob.ve/index.php?r=dsolicitante/dsolicitante/create
---
2017/07/06 15:39:40 [error] [exception.CHttpException.404] exception 'CHttpException' with message 'No es posible resolver la solicitud "dsolicitante/index.php?r=site/login"' in /var/www/html/yii/framework/web/CWebApplication.php:286
Stack trace:
#0 /var/www/html/yii/framework/web/CWebApplication.php(141): CWebApplication->runController('dsolicitante/in...')
#1 /var/www/html/yii/framework/base/CApplication.php(180): CWebApplication->processRequest()
#2 /var/www/html/prestamos/index.php(13): CApplication->run()
#3 {main}
REQUEST_URI=/index.php?r=dsolicitante/index.php?r=site/login
HTTP_REFERER=http://prestamos.lab.saime.gob.ve/index.php?r=dsolicitante/dsolicitante/create
---
2017/07/06 15:47:44 [error] [exception.CHttpException.404] exception 'CHttpException' with message 'No es posible resolver la solicitud "dsolicitante/../../site/login"' in /var/www/html/yii/framework/web/CWebApplication.php:286
Stack trace:
#0 /var/www/html/yii/framework/web/CWebApplication.php(141): CWebApplication->runController('dsolicitante/.....')
#1 /var/www/html/yii/framework/base/CApplication.php(180): CWebApplication->processRequest()
#2 /var/www/html/prestamos/index.php(13): CApplication->run()
#3 {main}
REQUEST_URI=/index.php?r=dsolicitante/../../site/login
HTTP_REFERER=http://prestamos.lab.saime.gob.ve/index.php?r=dsolicitante/dsolicitante/create
---
